----------

Sun Jul 17 2022 17:14:12 GMT+0200 (Central European Summer Time)

fatal: not a git repository (or any of the parent directories): .git


----------

Sun Jul 17 2022 17:14:12 GMT+0200 (Central European Summer Time)

fatal: not a git repository (or any of the parent directories): .git


----------

Sun Jul 17 2022 17:14:12 GMT+0200 (Central European Summer Time)

fatal: not a git repository (or any of the parent directories): .git


----------

Sun Jul 17 2022 19:03:26 GMT+0200 (Central European Summer Time)

To https://github.com/frogg/frederik.riedel.wtf.git
   991a0d1..1079c31  main -> main


----------

Sun Jul 17 2022 19:13:50 GMT+0200 (Central European Summer Time)

To https://github.com/frogg/frederik.riedel.wtf.git


----------

Sun Jul 17 2022 19:13:50 GMT+0200 (Central European Summer Time)

   1079c31..7d9f5cd  main -> main


----------

Sun Jul 17 2022 19:36:41 GMT+0200 (Central European Summer Time)

To https://github.com/frogg/frederik.riedel.wtf.git


----------

Sun Jul 17 2022 19:36:41 GMT+0200 (Central European Summer Time)

   7d9f5cd..293fef9  main -> main


